<?xml version="1.0" encoding="UTF-8"?>
<testng-results skipped="0" failed="0" total="1" passed="1">
  <reporter-output>
  </reporter-output>
  <suite name="Default suite" duration-ms="60500" started-at="2016-05-09T08:57:34Z" finished-at="2016-05-09T08:58:35Z">
    <groups>
    </groups>
    <test name="Default test" duration-ms="60500" started-at="2016-05-09T08:57:34Z" finished-at="2016-05-09T08:58:35Z">
      <class name="org.demo.demo2.mix1">
        <test-method status="PASS" signature="main()[pri:0, instance:org.demo.demo2.mix1@3fa9d205]" name="main" duration-ms="60390" started-at="2016-05-09T14:27:34Z" finished-at="2016-05-09T14:28:35Z">
          <reporter-output>
          </reporter-output>
        </test-method> <!-- main -->
      </class> <!-- org.demo.demo2.mix1 -->
    </test> <!-- Default test -->
  </suite> <!-- Default suite -->
</testng-results>
